#
# There is insufficient memory for the Java Runtime Environment to continue.
# Native memory allocation (malloc) failed to allocate 32744 bytes for ChunkPool::allocate
# Possible reasons:
#   The system is out of physical RAM or swap space
#   In 32 bit mode, the process size limit was hit
# Possible solutions:
#   Reduce memory load on the system
#   Increase physical memory or swap space
#   Check if swap backing store is full
#   Use 64 bit Java on a 64 bit OS
#   Decrease Java heap size (-Xmx/-Xms)
#   Decrease number of Java threads
#   Decrease Java thread stack sizes (-Xss)
#   Set larger code cache with -XX:ReservedCodeCacheSize=
# This output file may be truncated or incomplete.
#
#  Out of Memory Error (allocation.cpp:273), pid=7208, tid=0x0000000000000630
#
# JRE version: OpenJDK Runtime Environment (8.0_76-b03) (build 1.8.0_76-release-b03)
# Java VM: OpenJDK 64-Bit Server VM (25.76-b03 mixed mode windows-amd64 compressed oops)
# Failed to write core dump. Minidumps are not enabled by default on client versions of Windows
#

---------------  T H R E A D  ---------------

Current thread (0x0000000054d3d800):  JavaThread "C1 CompilerThread2" daemon [_thread_in_native, id=1584, stack(0x0000000056a30000,0x0000000056b30000)]

Stack: [0x0000000056a30000,0x0000000056b30000]
[error occurred during error reporting (printing stack bounds), id 0xc0000005]

Native frames: (J=compiled Java code, j=interpreted, Vv=VM code, C=native code)


Current CompileTask:
C1:  31174 1168       3       com.android.dx.dex.file.DexFile::internIfAppropriate (128 bytes)


---------------  P R O C E S S  ---------------

Java Threads: ( => current thread )
  0x0000000056d9c000 JavaThread "pool-1-thread-4" [_thread_blocked, id=7036, stack(0x00000000565b0000,0x00000000566b0000)]
  0x0000000056d25000 JavaThread "pool-1-thread-3" [_thread_blocked, id=7660, stack(0x0000000057690000,0x0000000057790000)]
  0x0000000056c9c000 JavaThread "pool-1-thread-2" [_thread_blocked, id=7584, stack(0x0000000057420000,0x0000000057520000)]
  0x0000000056c7e800 JavaThread "pool-2-thread-1" [_thread_blocked, id=7368, stack(0x0000000057170000,0x0000000057270000)]
  0x0000000056c7d800 JavaThread "pool-1-thread-1" [_thread_blocked, id=6844, stack(0x0000000057280000,0x0000000057380000)]
  0x0000000056b9f800 JavaThread "Service Thread" daemon [_thread_blocked, id=8720, stack(0x0000000056ff0000,0x00000000570f0000)]
=>0x0000000054d3d800 JavaThread "C1 CompilerThread2" daemon [_thread_in_native, id=1584, stack(0x0000000056a30000,0x0000000056b30000)]
  0x0000000054d3b800 JavaThread "C2 CompilerThread1" daemon [_thread_blocked, id=4304, stack(0x0000000056860000,0x0000000056960000)]
  0x0000000054d37800 JavaThread "C2 CompilerThread0" daemon [_thread_blocked, id=5112, stack(0x00000000566b0000,0x00000000567b0000)]
  0x0000000054d30000 JavaThread "Attach Listener" daemon [_thread_blocked, id=6696, stack(0x0000000056480000,0x0000000056580000)]
  0x0000000054d2e800 JavaThread "Signal Dispatcher" daemon [_thread_blocked, id=6476, stack(0x0000000056320000,0x0000000056420000)]
  0x0000000054d17000 JavaThread "Finalizer" daemon [_thread_blocked, id=8380, stack(0x00000000561a0000,0x00000000562a0000)]
  0x0000000054cd0000 JavaThread "Reference Handler" daemon [_thread_blocked, id=7504, stack(0x0000000055d40000,0x0000000055e40000)]
  0x0000000001f0e000 JavaThread "main" [_thread_in_native, id=7020, stack(0x0000000002220000,0x0000000002320000)]

Other Threads:
  0x0000000054cc8800 VMThread [stack: 0x0000000055f00000,0x0000000056000000] [id=4724]
  0x0000000056ba4800 WatcherThread [stack: 0x0000000056020000,0x0000000056120000] [id=3432]

VM state:not at safepoint (normal execution)

VM Mutex/Monitor currently owned by a thread: None

Heap:
 PSYoungGen      total 9728K, used 5970K [0x00000000eab00000, 0x00000000ebe00000, 0x0000000100000000)
  eden space 8704K, 56% used [0x00000000eab00000,0x00000000eafd7198,0x00000000eb380000)
  from space 1024K, 99% used [0x00000000eb480000,0x00000000eb57d998,0x00000000eb580000)
  to   space 1024K, 0% used [0x00000000eb380000,0x00000000eb380000,0x00000000eb480000)
 ParOldGen       total 22016K, used 3748K [0x00000000c0000000, 0x00000000c1580000, 0x00000000eab00000)
  object space 22016K, 17% used [0x00000000c0000000,0x00000000c03a9358,0x00000000c1580000)
 Metaspace       used 5720K, capacity 6896K, committed 7040K, reserved 1056768K
  class space    used 557K, capacity 616K, committed 640K, reserved 1048576K

Card table byte_map: [0x00000000119b0000,0x0000000011bc0000] byte_map_base: 0x00000000113b0000

Marking Bits: (ParMarkBitMap*) 0x0000000068df9d00
 Begin Bits: [0x0000000012140000, 0x0000000013140000)
 End Bits:   [0x0000000013140000, 0x0000000014140000)

Polling page: 0x0000000000130000

CodeCache: size=245760Kb used=4677Kb max_used=4680Kb free=241082Kb
 bounds [0x00000000025f0000, 0x0000000002a90000, 0x00000000115f0000]
 total_blobs=1427 nmethods=1166 adapters=175
 compilation: enabled

Compilation events (10 events):
Event: 28.074 Thread 0x0000000054d3d800 nmethod 1163 0x0000000002a7f290 code [0x0000000002a7f3e0, 0x0000000002a7f4f0]
Event: 28.074 Thread 0x0000000054d3d800 1165       3       java.util.Vector::<init> (7 bytes)
Event: 28.075 Thread 0x0000000054d3d800 nmethod 1165 0x0000000002a7ee50 code [0x0000000002a7efc0, 0x0000000002a7f1c8]
Event: 28.075 Thread 0x0000000054d3d800 1166       3       java.util.Vector::<init> (7 bytes)
Event: 28.075 Thread 0x0000000054d3d800 nmethod 1166 0x0000000002a7ead0 code [0x0000000002a7ec40, 0x0000000002a7edc8]
Event: 28.075 Thread 0x0000000054d3d800 1167       3       java.util.Vector::<init> (49 bytes)
Event: 28.076 Thread 0x0000000054d3d800 nmethod 1167 0x0000000002a84610 code [0x0000000002a84800, 0x0000000002a851d8]
Event: 28.076 Thread 0x0000000054d3d800 1164       3       java.util.Stack::<init> (5 bytes)
Event: 28.076 Thread 0x0000000054d3d800 nmethod 1164 0x0000000002a7e5d0 code [0x0000000002a7e740, 0x0000000002a7e9a8]
Event: 29.063 Thread 0x0000000054d3d800 1168       3       com.android.dx.dex.file.DexFile::internIfAppropriate (128 bytes)

GC Heap History (4 events):
Event: 5.793 GC heap before
{Heap before GC invocations=1 (full 0):
 PSYoungGen      total 9728K, used 8704K [0x00000000eab00000, 0x00000000eb580000, 0x0000000100000000)
  eden space 8704K, 100% used [0x00000000eab00000,0x00000000eb380000,0x00000000eb380000)
  from space 1024K, 0% used [0x00000000eb480000,0x00000000eb480000,0x00000000eb580000)
  to   space 1024K, 0% used [0x00000000eb380000,0x00000000eb380000,0x00000000eb480000)
 ParOldGen       total 22016K, used 0K [0x00000000c0000000, 0x00000000c1580000, 0x00000000eab00000)
  object space 22016K, 0% used [0x00000000c0000000,0x00000000c0000000,0x00000000c1580000)
 Metaspace       used 5085K, capacity 6352K, committed 6528K, reserved 1056768K
  class space    used 542K, capacity 584K, committed 640K, reserved 1048576K
Event: 5.807 GC heap after
Heap after GC invocations=1 (full 0):
 PSYoungGen      total 9728K, used 1018K [0x00000000eab00000, 0x00000000eb580000, 0x0000000100000000)
  eden space 8704K, 0% used [0x00000000eab00000,0x00000000eab00000,0x00000000eb380000)
  from space 1024K, 99% used [0x00000000eb380000,0x00000000eb47e958,0x00000000eb480000)
  to   space 1024K, 0% used [0x00000000eb480000,0x00000000eb480000,0x00000000eb580000)
 ParOldGen       total 22016K, used 2122K [0x00000000c0000000, 0x00000000c1580000, 0x00000000eab00000)
  object space 22016K, 9% used [0x00000000c0000000,0x00000000c0212b90,0x00000000c1580000)
 Metaspace       used 5085K, capacity 6352K, committed 6528K, reserved 1056768K
  class space    used 542K, capacity 584K, committed 640K, reserved 1048576K
}
Event: 21.728 GC heap before
{Heap before GC invocations=2 (full 0):
 PSYoungGen      total 9728K, used 9722K [0x00000000eab00000, 0x00000000eb580000, 0x0000000100000000)
  eden space 8704K, 100% used [0x00000000eab00000,0x00000000eb380000,0x00000000eb380000)
  from space 1024K, 99% used [0x00000000eb380000,0x00000000eb47e958,0x00000000eb480000)
  to   space 1024K, 0% used [0x00000000eb480000,0x00000000eb480000,0x00000000eb580000)
 ParOldGen       total 22016K, used 2122K [0x00000000c0000000, 0x00000000c1580000, 0x00000000eab00000)
  object space 22016K, 9% used [0x00000000c0000000,0x00000000c0212b90,0x00000000c1580000)
 Metaspace       used 5630K, capacity 6768K, committed 7040K, reserved 1056768K
  class space    used 555K, capacity 616K, committed 640K, reserved 1048576K
Event: 22.097 GC heap after
Heap after GC invocations=2 (full 0):
 PSYoungGen      total 9728K, used 1014K [0x00000000eab00000, 0x00000000ebe00000, 0x0000000100000000)
  eden space 8704K, 0% used [0x00000000eab00000,0x00000000eab00000,0x00000000eb380000)
  from space 1024K, 99% used [0x00000000eb480000,0x00000000eb57d998,0x00000000eb580000)
  to   space 1024K, 0% used [0x00000000eb380000,0x00000000eb380000,0x00000000eb480000)
 ParOldGen       total 22016K, used 3748K [0x00000000c0000000, 0x00000000c1580000, 0x00000000eab00000)
  object space 22016K, 17% used [0x00000000c0000000,0x00000000c03a9358,0x00000000c1580000)
 Metaspace       used 5630K, capacity 6768K, committed 7040K, reserved 1056768K
  class space    used 555K, capacity 616K, committed 640K, reserved 1048576K
}

Deoptimization events (10 events):
Event: 20.986 Thread 0x0000000056c7d800 Uncommon trap: reason=class_check action=maybe_recompile pc=0x000000000290c578 method=com.android.dx.ssa.SsaBasicBlock.forEachInsn(Lcom/android/dx/ssa/SsaInsn$Visitor;)V @ 23
Event: 20.986 Thread 0x0000000056c7d800 Uncommon trap: reason=class_check action=maybe_recompile pc=0x000000000290c578 method=com.android.dx.ssa.SsaBasicBlock.forEachInsn(Lcom/android/dx/ssa/SsaInsn$Visitor;)V @ 23
Event: 20.987 Thread 0x0000000056c7d800 Uncommon trap: reason=class_check action=maybe_recompile pc=0x000000000290c578 method=com.android.dx.ssa.SsaBasicBlock.forEachInsn(Lcom/android/dx/ssa/SsaInsn$Visitor;)V @ 23
Event: 20.987 Thread 0x0000000056c7d800 Uncommon trap: reason=class_check action=maybe_recompile pc=0x000000000290c578 method=com.android.dx.ssa.SsaBasicBlock.forEachInsn(Lcom/android/dx/ssa/SsaInsn$Visitor;)V @ 23
Event: 21.326 Thread 0x0000000001f0e000 Uncommon trap: reason=unstable_if action=reinterpret pc=0x00000000028a2068 method=com.android.dx.rop.cst.StdConstantPool.set(ILcom/android/dx/rop/cst/Constant;)V @ 12
Event: 21.636 Thread 0x0000000056c9c000 Uncommon trap: reason=null_check action=make_not_entrant pc=0x000000000299e120 method=com.android.dx.rop.type.Type.equals(Ljava/lang/Object;)Z @ 8
Event: 23.925 Thread 0x0000000056d25000 Uncommon trap: reason=class_check action=maybe_recompile pc=0x0000000002a11960 method=com.android.dx.rop.type.Type.equals(Ljava/lang/Object;)Z @ 8
Event: 23.926 Thread 0x0000000056d25000 Uncommon trap: reason=class_check action=maybe_recompile pc=0x0000000002a11960 method=com.android.dx.rop.type.Type.equals(Ljava/lang/Object;)Z @ 8
Event: 23.926 Thread 0x0000000056d25000 Uncommon trap: reason=class_check action=maybe_recompile pc=0x0000000002a11960 method=com.android.dx.rop.type.Type.equals(Ljava/lang/Object;)Z @ 8
Event: 23.935 Thread 0x0000000056d25000 Uncommon trap: reason=class_check action=maybe_recompile pc=0x0000000002a11960 method=com.android.dx.rop.type.Type.equals(Ljava/lang/Object;)Z @ 8

Internal exceptions (3 events):
Event: 0.974 Thread 0x0000000001f0e000 Exception <a 'java/lang/NoSuchMethodError': Method sun.misc.Unsafe.defineClass(Ljava/lang/String;[BII)Ljava/lang/Class; name or signature does not match> (0x00000000eab07cc0) thrown at [C:\src\android\AOSP-openjdk\external\jetbrains\jdk\hotspot\src\share\vð¥„¯m)ï?
Event: 0.974 Thread 0x0000000001f0e000 Exception <a 'java/lang/NoSuchMethodError': Method sun.misc.Unsafe.prefetchRead(Ljava/lang/Object;J)V name or signature does not match> (0x00000000eab07fa8) thrown at [C:\src\android\AOSP-openjdk\external\jetbrains\jdk\hotspot\src\share\vm\prims\jni.cpp, ldXÜ¢5@
Event: 21.636 Thread 0x0000000056c9c000 Implicit null exception at 0x000000000299e012 to 0x000000000299e111

Events (10 events):
Event: 23.935 Thread 0x0000000056d25000 DEOPT PACKING pc=0x0000000002a11960 sp=0x000000005778e690
Event: 23.935 Thread 0x0000000056d25000 DEOPT UNPACKING pc=0x000000000263556a sp=0x000000005778e628 mode 2
Event: 25.400 loading class com/android/dx/cf/code/SwitchList
Event: 25.400 loading class com/android/dx/cf/code/SwitchList done
Event: 26.692 loading class com/android/dx/cf/direct/AnnotationParser
Event: 26.692 loading class com/android/dx/cf/direct/AnnotationParser done
Event: 26.694 loading class com/android/dx/cf/attrib/AttRuntimeInvisibleAnnotations
Event: 26.694 loading class com/android/dx/cf/attrib/AttRuntimeInvisibleAnnotations done
Event: 26.694 loading class com/android/dx/cf/attrib/BaseAnnotations
Event: 26.694 loading class com/android/dx/cf/attrib/BaseAnnotations done


Dynamic libraries:
0x000000013f9d0000 - 0x000000013fa01000 	C:\Program Files\Android\Android Studio1\jre\bin\java.exe
0x0000000077620000 - 0x00000000777c8000 	C:\Windows\SYSTEM32\ntdll.dll
0x000007fef21d0000 - 0x000007fef2224000 	C:\Program Files (x86)\AVG\Av\avghooka.dll
0x0000000077500000 - 0x000000007761f000 	C:\Windows\system32\kernel32.dll
0x000007fefc2a0000 - 0x000007fefc30c000 	C:\Windows\system32\KERNELBASE.dll
0x000007fefd240000 - 0x000007fefd31b000 	C:\Windows\system32\ADVAPI32.dll
0x000007fefd780000 - 0x000007fefd81f000 	C:\Windows\system32\msvcrt.dll
0x000007fefd760000 - 0x000007fefd77f000 	C:\Windows\SYSTEM32\sechost.dll
0x000007fefe3c0000 - 0x000007fefe4ed000 	C:\Windows\system32\RPCRT4.dll
0x0000000077400000 - 0x00000000774fa000 	C:\Windows\system32\USER32.dll
0x000007fefc440000 - 0x000007fefc4a7000 	C:\Windows\system32\GDI32.dll
0x000007fefd8c0000 - 0x000007fefd8ce000 	C:\Windows\system32\LPK.dll
0x000007fefd8d0000 - 0x000007fefd999000 	C:\Windows\system32\USP10.dll
0x000007fefac80000 - 0x000007fefae74000 	C:\Windows\WinSxS\amd64_microsoft.windows.common-controls_6595b64144ccf1df_6.0.7601.18837_none_fa3b1e3d17594757\COMCTL32.dll
0x000007fefdb30000 - 0x000007fefdba1000 	C:\Windows\system32\SHLWAPI.dll
0x000007fefdbb0000 - 0x000007fefdbde000 	C:\Windows\system32\IMM32.DLL
0x000007fefe2a0000 - 0x000007fefe3a9000 	C:\Windows\system32\MSCTF.dll
0x000000006a080000 - 0x000000006a152000 	C:\Program Files\Android\Android Studio1\jre\jre\bin\msvcr100.dll
0x0000000068640000 - 0x0000000068e74000 	C:\Program Files\Android\Android Studio1\jre\jre\bin\server\jvm.dll
0x000007fef0f40000 - 0x000007fef0f49000 	C:\Windows\system32\WSOCK32.dll
0x000007fefd5d0000 - 0x000007fefd61d000 	C:\Windows\system32\WS2_32.dll
0x000007fefe3b0000 - 0x000007fefe3b8000 	C:\Windows\system32\NSI.dll
0x000007fef6c00000 - 0x000007fef6c3b000 	C:\Windows\system32\WINMM.dll
0x000007fefb170000 - 0x000007fefb17c000 	C:\Windows\system32\VERSION.dll
0x00000000777e0000 - 0x00000000777e7000 	C:\Windows\system32\PSAPI.DLL
0x000007fefa2e0000 - 0x000007fefa2ef000 	C:\Program Files\Android\Android Studio1\jre\jre\bin\verify.dll
0x000007fef6340000 - 0x000007fef6369000 	C:\Program Files\Android\Android Studio1\jre\jre\bin\java.dll
0x000007fef6320000 - 0x000007fef6336000 	C:\Program Files\Android\Android Studio1\jre\jre\bin\zip.dll
0x000007fefc4b0000 - 0x000007fefd239000 	C:\Windows\system32\SHELL32.dll
0x000007fefdbe0000 - 0x000007fefdde3000 	C:\Windows\system32\ole32.dll
0x000007fefc090000 - 0x000007fefc09f000 	C:\Windows\system32\profapi.dll

VM Arguments:
jvm_args: -Djava.awt.headless=true -Xmx1024M -Dfile.encoding=windows-1252 -Duser.country=AR -Duser.language=es -Duser.variant 
java_command: com.android.dx.command.Main --dex --num-threads=4 --output C:\Users\Leandro\Desktop\Proyecto-final\SnoreDetection\app\build\intermediates\pre-dexed\debug\debug_aeeb54299cf81fe80cc3522a3b6b10cda1e633ea.jar C:\Users\Leandro\Desktop\Proyecto-final\SnoreDetection\app\build\intermediates\classes\debug
java_class_path (initial): C:\Users\Leandro\AppData\Local\Android\sdk\build-tools\25.0.0\lib\dx.jar
Launcher Type: SUN_STANDARD

Environment Variables:
PATH=C:\ProgramData\Oracle\Java\javapath;C:\Windows\system32;C:\Windows;C:\Windows\System32\Wbem;C:\Windows\System32\WindowsPowerShell\v1.0\;C:\wamp\bin\php\php5.4.16;C:\ProgramData\ComposerSetup\bin;C:\Program Files\MATLAB\R2010a\runtime\win64;C:\Program Files\MATLAB\R2010a\bin;C:\Program Files (x86)\MiKTeX 2.9\miktex\bin\;C:\Program Files (x86)\Skype\Phone\;%USERPROFILE%\.dnx\bin;C:\Program Files\Microsoft DNX\Dnvm\;C:\Program Files\Microsoft SQL Server\130\Tools\Binn\
USERNAME=Leandro
OS=Windows_NT
PROCESSOR_IDENTIFIER=Intel64 Family 6 Model 42 Stepping 7, GenuineIntel



---------------  S Y S T E M  ---------------

OS: Windows 7 , 64 bit Build 7601 (6.1.7601.18847)

CPU:total 4 (2 cores per cpu, 2 threads per core) family 6 model 42 stepping 7, cmov, cx8, fxsr, mmx, sse, sse2, sse3, ssse3, sse4.1, sse4.2, popcnt, avx, clmul, ht, tsc, tscinvbit

Memory: 4k page, physical 2039536k(52480k free), swap 5054504k(6132k free)

vm_info: OpenJDK 64-Bit Server VM (25.76-b03) for windows-amd64 JRE (1.8.0_76-release-b03), built on Jun 29 2016 19:09:20 by "ralucas" with MS VC++ 10.0 (VS2010)

time: Fri Apr 14 19:06:53 2017
elapsed time: 31 seconds (0d 0h 0m 31s)

