#
# There is insufficient memory for the Java Runtime Environment to continue.
# Native memory allocation (malloc) failed to allocate 191296 bytes for Chunk::new
# Possible reasons:
#   The system is out of physical RAM or swap space
#   In 32 bit mode, the process size limit was hit
# Possible solutions:
#   Reduce memory load on the system
#   Increase physical memory or swap space
#   Check if swap backing store is full
#   Use 64 bit Java on a 64 bit OS
#   Decrease Java heap size (-Xmx/-Xms)
#   Decrease number of Java threads
#   Decrease Java thread stack sizes (-Xss)
#   Set larger code cache with -XX:ReservedCodeCacheSize=
# This output file may be truncated or incomplete.
#
#  Out of Memory Error (allocation.cpp:390), pid=6368, tid=0x0000000000002200
#
# JRE version: OpenJDK Runtime Environment (8.0_76-b03) (build 1.8.0_76-release-b03)
# Java VM: OpenJDK 64-Bit Server VM (25.76-b03 mixed mode windows-amd64 compressed oops)
# Failed to write core dump. Minidumps are not enabled by default on client versions of Windows
#

---------------  T H R E A D  ---------------

Current thread (0x00000000561a9000):  JavaThread "C2 CompilerThread1" daemon [_thread_in_native, id=8704, stack(0x0000000056600000,0x0000000056700000)]

Stack: [0x0000000056600000,0x0000000056700000]
[error occurred during error reporting (printing stack bounds), id 0xc0000005]

Native frames: (J=compiled Java code, j=interpreted, Vv=VM code, C=native code)


Current CompileTask:
C2:  32134 2241       4       com.android.dx.ssa.back.FirstFitLocalCombiningAllocator::canMapRegs (60 bytes)


---------------  P R O C E S S  ---------------

Java Threads: ( => current thread )
  0x000000005653c000 JavaThread "pool-1-thread-4" [_thread_blocked, id=7836, stack(0x0000000057220000,0x0000000057320000)]
  0x000000005640e000 JavaThread "pool-1-thread-3" [_thread_blocked, id=8696, stack(0x0000000057550000,0x0000000057650000)]
  0x0000000056411000 JavaThread "pool-1-thread-2" [_thread_blocked, id=2148, stack(0x0000000057350000,0x0000000057450000)]
  0x0000000056434000 JavaThread "pool-2-thread-1" [_thread_blocked, id=8700, stack(0x0000000056b90000,0x0000000056c90000)]
  0x0000000056433800 JavaThread "pool-1-thread-1" [_thread_blocked, id=8708, stack(0x0000000057110000,0x0000000057210000)]
  0x0000000056213800 JavaThread "Service Thread" daemon [_thread_blocked, id=8712, stack(0x0000000056e90000,0x0000000056f90000)]
  0x00000000561ab000 JavaThread "C1 CompilerThread2" daemon [_thread_in_native, id=8112, stack(0x0000000056d30000,0x0000000056e30000)]
=>0x00000000561a9000 JavaThread "C2 CompilerThread1" daemon [_thread_in_native, id=8704, stack(0x0000000056600000,0x0000000056700000)]
  0x00000000561a5800 JavaThread "C2 CompilerThread0" daemon [_thread_in_native, id=1396, stack(0x0000000056a60000,0x0000000056b60000)]
  0x0000000054e83000 JavaThread "Attach Listener" daemon [_thread_blocked, id=7536, stack(0x00000000568b0000,0x00000000569b0000)]
  0x0000000054e82000 JavaThread "Signal Dispatcher" daemon [_thread_blocked, id=7432, stack(0x0000000056790000,0x0000000056890000)]
  0x0000000054e6a800 JavaThread "Finalizer" daemon [_thread_blocked, id=8364, stack(0x0000000055e00000,0x0000000055f00000)]
  0x0000000054e23800 JavaThread "Reference Handler" daemon [_thread_blocked, id=8224, stack(0x00000000560a0000,0x00000000561a0000)]
  0x000000000017e000 JavaThread "main" [_thread_blocked, id=6056, stack(0x0000000002020000,0x0000000002120000)]

Other Threads:
  0x0000000054e1c000 VMThread [stack: 0x0000000055f00000,0x0000000056000000] [id=7988]
  0x0000000056214800 WatcherThread [stack: 0x0000000056ff0000,0x00000000570f0000] [id=8732]

VM state:at safepoint (normal execution)

VM Mutex/Monitor currently owned by a thread:  ([mutex/lock_event])
[0x000000000017c1d0] Threads_lock - owner thread: 0x0000000054e1c000
[0x000000000017c6d0] Heap_lock - owner thread: 0x000000005653c000

Heap:
 PSYoungGen      total 76800K, used 69609K [0x00000000eab00000, 0x00000000f2f00000, 0x0000000100000000)
  eden space 67072K, 100% used [0x00000000eab00000,0x00000000eec80000,0x00000000eec80000)
  from space 9728K, 26% used [0x00000000eec80000,0x00000000eeefa7c8,0x00000000ef600000)
  to   space 13824K, 2% used [0x00000000f2180000,0x00000000f21dc8e0,0x00000000f2f00000)
 ParOldGen       total 38400K, used 21693K [0x00000000c0000000, 0x00000000c2580000, 0x00000000eab00000)
  object space 38400K, 56% used [0x00000000c0000000,0x00000000c152f490,0x00000000c2580000)
 Metaspace       used 6316K, capacity 7154K, committed 7296K, reserved 1056768K
  class space    used 594K, capacity 618K, committed 640K, reserved 1048576K

Card table byte_map: [0x00000000117b0000,0x00000000119c0000] byte_map_base: 0x00000000111b0000

Marking Bits: (ParMarkBitMap*) 0x0000000068df9d00
 Begin Bits: [0x0000000012290000, 0x0000000013290000)
 End Bits:   [0x0000000013290000, 0x0000000014290000)

Polling page: 0x0000000000140000

CodeCache: size=245760Kb used=8047Kb max_used=9509Kb free=237712Kb
 bounds [0x00000000023f0000, 0x0000000002d50000, 0x00000000113f0000]
 total_blobs=1997 nmethods=1728 adapters=182
 compilation: enabled

Compilation events (10 events):
Event: 30.076 Thread 0x00000000561a9000 2237       4       com.android.dx.cf.direct.DirectClassFile::getConstantPool (9 bytes)
Event: 30.077 Thread 0x00000000561a9000 nmethod 2237 0x0000000002618a90 code [0x0000000002618be0, 0x0000000002618c68]
Event: 30.098 Thread 0x00000000561ab000 2238       3       java.util.concurrent.locks.ReentrantLock$NonfairSync::lock (25 bytes)
Event: 30.099 Thread 0x00000000561ab000 nmethod 2238 0x00000000026ee7d0 code [0x00000000026ee9a0, 0x00000000026ef1d8]
Event: 30.102 Thread 0x00000000561ab000 2239       1       com.android.dx.cf.attrib.AttSignature::byteLength (3 bytes)
Event: 30.102 Thread 0x00000000561ab000 nmethod 2239 0x00000000026b1350 code [0x00000000026b14a0, 0x00000000026b15b0]
Event: 30.105 Thread 0x00000000561a9000 2240       4       sun.nio.cs.UTF_8$Encoder::encode (359 bytes)
Event: 30.110 Thread 0x00000000561a9000 nmethod 2240 0x00000000027f1810 code [0x00000000027f1960, 0x00000000027f1bb8]
Event: 30.113 Thread 0x00000000561a9000 2241       4       com.android.dx.ssa.back.FirstFitLocalCombiningAllocator::canMapRegs (60 bytes)
Event: 30.119 Thread 0x00000000561ab000 2246   !   3       com.android.dx.cf.code.RopperMachine::run (1550 bytes)

GC Heap History (10 events):
Event: 8.993 GC heap before
{Heap before GC invocations=6 (full 0):
 PSYoungGen      total 18432K, used 18407K [0x00000000eab00000, 0x00000000ed700000, 0x0000000100000000)
  eden space 17408K, 100% used [0x00000000eab00000,0x00000000ebc00000,0x00000000ebc00000)
  from space 1024K, 97% used [0x00000000ebc00000,0x00000000ebcf9f80,0x00000000ebd00000)
  to   space 5120K, 0% used [0x00000000ed200000,0x00000000ed200000,0x00000000ed700000)
 ParOldGen       total 22016K, used 6706K [0x00000000c0000000, 0x00000000c1580000, 0x00000000eab00000)
  object space 22016K, 30% used [0x00000000c0000000,0x00000000c068c870,0x00000000c1580000)
 Metaspace       used 5995K, capacity 6960K, committed 7040K, reserved 1056768K
  class space    used 572K, capacity 616K, committed 640K, reserved 1048576K
Event: 9.058 GC heap after
Heap after GC invocations=6 (full 0):
 PSYoungGen      total 39936K, used 3463K [0x00000000eab00000, 0x00000000ed700000, 0x0000000100000000)
  eden space 34816K, 0% used [0x00000000eab00000,0x00000000eab00000,0x00000000ecd00000)
  from space 5120K, 67% used [0x00000000ed200000,0x00000000ed561f90,0x00000000ed700000)
  to   space 5120K, 0% used [0x00000000ecd00000,0x00000000ecd00000,0x00000000ed200000)
 ParOldGen       total 22016K, used 6706K [0x00000000c0000000, 0x00000000c1580000, 0x00000000eab00000)
  object space 22016K, 30% used [0x00000000c0000000,0x00000000c068c870,0x00000000c1580000)
 Metaspace       used 5995K, capacity 6960K, committed 7040K, reserved 1056768K
  class space    used 572K, capacity 616K, committed 640K, reserved 1048576K
}
Event: 12.508 GC heap before
{Heap before GC invocations=7 (full 0):
 PSYoungGen      total 39936K, used 38279K [0x00000000eab00000, 0x00000000ed700000, 0x0000000100000000)
  eden space 34816K, 100% used [0x00000000eab00000,0x00000000ecd00000,0x00000000ecd00000)
  from space 5120K, 67% used [0x00000000ed200000,0x00000000ed561f90,0x00000000ed700000)
  to   space 5120K, 0% used [0x00000000ecd00000,0x00000000ecd00000,0x00000000ed200000)
 ParOldGen       total 22016K, used 6706K [0x00000000c0000000, 0x00000000c1580000, 0x00000000eab00000)
  object space 22016K, 30% used [0x00000000c0000000,0x00000000c068c870,0x00000000c1580000)
 Metaspace       used 6075K, capacity 7024K, committed 7296K, reserved 1056768K
  class space    used 572K, capacity 616K, committed 640K, reserved 1048576K
Event: 12.792 GC heap after
Heap after GC invocations=7 (full 0):
 PSYoungGen      total 39936K, used 5095K [0x00000000eab00000, 0x00000000efd00000, 0x0000000100000000)
  eden space 34816K, 0% used [0x00000000eab00000,0x00000000eab00000,0x00000000ecd00000)
  from space 5120K, 99% used [0x00000000ecd00000,0x00000000ed1f9f90,0x00000000ed200000)
  to   space 7168K, 0% used [0x00000000ef600000,0x00000000ef600000,0x00000000efd00000)
 ParOldGen       total 22016K, used 8950K [0x00000000c0000000, 0x00000000c1580000, 0x00000000eab00000)
  object space 22016K, 40% used [0x00000000c0000000,0x00000000c08bd970,0x00000000c1580000)
 Metaspace       used 6075K, capacity 7024K, committed 7296K, reserved 1056768K
  class space    used 572K, capacity 616K, committed 640K, reserved 1048576K
}
Event: 14.013 GC heap before
{Heap before GC invocations=8 (full 0):
 PSYoungGen      total 39936K, used 39911K [0x00000000eab00000, 0x00000000efd00000, 0x0000000100000000)
  eden space 34816K, 100% used [0x00000000eab00000,0x00000000ecd00000,0x00000000ecd00000)
  from space 5120K, 99% used [0x00000000ecd00000,0x00000000ed1f9f90,0x00000000ed200000)
  to   space 7168K, 0% used [0x00000000ef600000,0x00000000ef600000,0x00000000efd00000)
 ParOldGen       total 22016K, used 8950K [0x00000000c0000000, 0x00000000c1580000, 0x00000000eab00000)
  object space 22016K, 40% used [0x00000000c0000000,0x00000000c08bd970,0x00000000c1580000)
 Metaspace       used 6105K, capacity 7088K, committed 7296K, reserved 1056768K
  class space    used 573K, capacity 616K, committed 640K, reserved 1048576K
Event: 15.115 GC heap after
Heap after GC invocations=8 (full 0):
 PSYoungGen      total 74240K, used 7143K [0x00000000eab00000, 0x00000000f0200000, 0x0000000100000000)
  eden space 67072K, 0% used [0x00000000eab00000,0x00000000eab00000,0x00000000eec80000)
  from space 7168K, 99% used [0x00000000ef600000,0x00000000efcf9e10,0x00000000efd00000)
  to   space 9728K, 0% used [0x00000000eec80000,0x00000000eec80000,0x00000000ef600000)
 ParOldGen       total 22016K, used 10988K [0x00000000c0000000, 0x00000000c1580000, 0x00000000eab00000)
  object space 22016K, 49% used [0x00000000c0000000,0x00000000c0abb158,0x00000000c1580000)
 Metaspace       used 6105K, capacity 7088K, committed 7296K, reserved 1056768K
  class space    used 573K, capacity 616K, committed 640K, reserved 1048576K
}
Event: 24.305 GC heap before
{Heap before GC invocations=9 (full 0):
 PSYoungGen      total 74240K, used 74215K [0x00000000eab00000, 0x00000000f0200000, 0x0000000100000000)
  eden space 67072K, 100% used [0x00000000eab00000,0x00000000eec80000,0x00000000eec80000)
  from space 7168K, 99% used [0x00000000ef600000,0x00000000efcf9e10,0x00000000efd00000)
  to   space 9728K, 0% used [0x00000000eec80000,0x00000000eec80000,0x00000000ef600000)
 ParOldGen       total 22016K, used 10988K [0x00000000c0000000, 0x00000000c1580000, 0x00000000eab00000)
  object space 22016K, 49% used [0x00000000c0000000,0x00000000c0abb158,0x00000000c1580000)
 Metaspace       used 6251K, capacity 7090K, committed 7296K, reserved 1056768K
  class space    used 593K, capacity 618K, committed 640K, reserved 1048576K
Event: 24.369 GC heap after
Heap after GC invocations=9 (full 0):
 PSYoungGen      total 76800K, used 9721K [0x00000000eab00000, 0x00000000f2f00000, 0x0000000100000000)
  eden space 67072K, 0% used [0x00000000eab00000,0x00000000eab00000,0x00000000eec80000)
  from space 9728K, 99% used [0x00000000eec80000,0x00000000ef5fe448,0x00000000ef600000)
  to   space 13824K, 0% used [0x00000000f2180000,0x00000000f2180000,0x00000000f2f00000)
 ParOldGen       total 22016K, used 17224K [0x00000000c0000000, 0x00000000c1580000, 0x00000000eab00000)
  object space 22016K, 78% used [0x00000000c0000000,0x00000000c10d2270,0x00000000c1580000)
 Metaspace       used 6251K, capacity 7090K, committed 7296K, reserved 1056768K
  class space    used 593K, capacity 618K, committed 640K, reserved 1048576K
}
Event: 24.369 GC heap before
{Heap before GC invocations=10 (full 1):
 PSYoungGen      total 76800K, used 9721K [0x00000000eab00000, 0x00000000f2f00000, 0x0000000100000000)
  eden space 67072K, 0% used [0x00000000eab00000,0x00000000eab00000,0x00000000eec80000)
  from space 9728K, 99% used [0x00000000eec80000,0x00000000ef5fe448,0x00000000ef600000)
  to   space 13824K, 0% used [0x00000000f2180000,0x00000000f2180000,0x00000000f2f00000)
 ParOldGen       total 22016K, used 17224K [0x00000000c0000000, 0x00000000c1580000, 0x00000000eab00000)
  object space 22016K, 78% used [0x00000000c0000000,0x00000000c10d2270,0x00000000c1580000)
 Metaspace       used 6251K, capacity 7090K, committed 7296K, reserved 1056768K
  class space    used 593K, capacity 618K, committed 640K, reserved 1048576K
Event: 25.648 GC heap after
Heap after GC invocations=10 (full 1):
 PSYoungGen      total 76800K, used 2537K [0x00000000eab00000, 0x00000000f2f00000, 0x0000000100000000)
  eden space 67072K, 0% used [0x00000000eab00000,0x00000000eab00000,0x00000000eec80000)
  from space 9728K, 26% used [0x00000000eec80000,0x00000000eeefa7c8,0x00000000ef600000)
  to   space 13824K, 0% used [0x00000000f2180000,0x00000000f2180000,0x00000000f2f00000)
 ParOldGen       total 38400K, used 21693K [0x00000000c0000000, 0x00000000c2580000, 0x00000000eab00000)
  object space 38400K, 56% used [0x00000000c0000000,0x00000000c152f490,0x00000000c2580000)
 Metaspace       used 6251K, capacity 7090K, committed 7296K, reserved 1056768K
  class space    used 593K, capacity 618K, committed 640K, reserved 1048576K
}

Deoptimization events (10 events):
Event: 24.230 Thread 0x000000005653c000 Uncommon trap: reason=unstable_if action=reinterpret pc=0x00000000029b9e94 method=com.android.dx.ssa.SCCP.simulateStmt(Lcom/android/dx/ssa/SsaInsn;)V @ 59
Event: 24.263 Thread 0x000000005653c000 Uncommon trap: reason=bimorphic action=maybe_recompile pc=0x0000000002c6d68c method=com.android.dx.cf.code.BytecodeArray.parseInstruction(ILcom/android/dx/cf/code/BytecodeArray$Visitor;)I @ 1161
Event: 24.263 Thread 0x000000005653c000 Uncommon trap: reason=bimorphic action=maybe_recompile pc=0x0000000002c6d68c method=com.android.dx.cf.code.BytecodeArray.parseInstruction(ILcom/android/dx/cf/code/BytecodeArray$Visitor;)I @ 1161
Event: 26.870 Thread 0x000000005640e000 Uncommon trap: reason=unstable_if action=reinterpret pc=0x0000000002aa475c method=java.util.HashMap.resize()[Ljava/util/HashMap$Node; @ 206
Event: 27.018 Thread 0x0000000056411000 Uncommon trap: reason=unstable_if action=reinterpret pc=0x0000000002bed7f4 method=com.android.dx.rop.code.LocalItem.hashCode()I @ 25
Event: 28.678 Thread 0x0000000056433800 Uncommon trap: reason=unstable_if action=reinterpret pc=0x0000000002c9482c method=java.util.HashMap.putVal(ILjava/lang/Object;Ljava/lang/Object;ZZ)Ljava/lang/Object; @ 109
Event: 28.709 Thread 0x0000000056433800 Uncommon trap: reason=unstable_if action=reinterpret pc=0x0000000002b3fda4 method=com.android.dx.rop.code.BasicBlockList.preferredSuccessorOf(Lcom/android/dx/rop/code/BasicBlock;)Lcom/android/dx/rop/code/BasicBlock; @ 58
Event: 28.725 Thread 0x0000000056411000 Uncommon trap: reason=unstable_if action=reinterpret pc=0x0000000002bde2b4 method=com.android.dx.ssa.LiteralOpUpgrader$1.visitNonMoveInsn(Lcom/android/dx/ssa/NormalSsaInsn;)V @ 55
Event: 29.024 Thread 0x000000005653c000 Uncommon trap: reason=unstable_if action=reinterpret pc=0x00000000026bacec method=java.lang.Integer.valueOf(I)Ljava/lang/Integer; @ 10
Event: 30.118 Thread 0x0000000056433800 Uncommon trap: reason=unstable_if action=reinterpret pc=0x0000000002ce933c method=com.android.dx.rop.code.DexTranslationAdvice.hasConstantOperation(Lcom/android/dx/rop/code/Rop;Lcom/android/dx/rop/code/RegisterSpec;Lcom/android/dx/rop/code/RegisterSpec;)Z ª—ÓÂÿ:8@

Internal exceptions (7 events):
Event: 1.795 Thread 0x000000000017e000 Exception <a 'java/lang/NoSuchMethodError': Method sun.misc.Unsafe.defineClass(Ljava/lang/String;[BII)Ljava/lang/Class; name or signature does not match> (0x00000000eab07cc0) thrown at [C:\src\android\AOSP-openjdk\external\jetbrains\jdk\hotspot\src\share\vç;QÔñ¸ü?
Event: 1.795 Thread 0x000000000017e000 Exception <a 'java/lang/NoSuchMethodError': Method sun.misc.Unsafe.prefetchRead(Ljava/lang/Object;J)V name or signature does not match> (0x00000000eab07fa8) thrown at [C:\src\android\AOSP-openjdk\external\jetbrains\jdk\hotspot\src\share\vm\prims\jni.cpp, lqª.|ÙÄ @
Event: 8.384 Thread 0x000000005653c000 Implicit null exception at 0x000000000268dc52 to 0x000000000268dd42
Event: 8.934 Thread 0x000000005653c000 Implicit null exception at 0x0000000002715748 to 0x00000000027185ad
Event: 20.377 Thread 0x0000000056433800 Exception <a 'java/lang/ArrayIndexOutOfBoundsException': 18> (0x00000000eba6ac08) thrown at [C:\src\android\AOSP-openjdk\external\jetbrains\jdk\hotspot\src\share\vm\interpreter\interpreterRuntime.cpp, line 366]
Event: 20.378 Thread 0x0000000056433800 Exception <a 'java/lang/ArrayIndexOutOfBoundsException': 145> (0x00000000eba6c788) thrown at [C:\src\android\AOSP-openjdk\external\jetbrains\jdk\hotspot\src\share\vm\interpreter\interpreterRuntime.cpp, line 366]
Event: 20.379 Thread 0x0000000056433800 Exception <a 'java/lang/ArrayIndexOutOfBoundsException'> (0x00000000eba6da70) thrown at [C:\src\android\AOSP-openjdk\external\jetbrains\jdk\hotspot\src\share\vm\runtime\sharedRuntime.cpp, line 605]

Events (10 events):
Event: 29.427 Thread 0x000000005640e000 DEOPT PACKING pc=0x00000000028c49fd sp=0x000000005764ec00
Event: 29.427 Thread 0x000000005640e000 DEOPT UNPACKING pc=0x00000000024375bf sp=0x000000005764e9e0 mode 0
Event: 29.883 Thread 0x000000005653c000 DEOPT PACKING pc=0x0000000002d2faec sp=0x000000005731ebe0
Event: 29.883 Thread 0x000000005653c000 DEOPT UNPACKING pc=0x00000000024375bf sp=0x000000005731e960 mode 0
Event: 30.118 Thread 0x0000000056433800 Uncommon trap: trap_request=0xffffff65 fr.pc=0x0000000002ce933c
Event: 30.118 Thread 0x0000000056433800 DEOPT PACKING pc=0x0000000002ce933c sp=0x000000005720e4e0
Event: 30.118 Thread 0x0000000056433800 DEOPT UNPACKING pc=0x000000000243556a sp=0x000000005720e400 mode 2
Event: 30.457 Thread 0x0000000056411000 Uncommon trap: trap_request=0xffffff65 fr.pc=0x0000000002a79d28
Event: 30.461 Thread 0x000000005640e000 Uncommon trap: trap_request=0xffffff65 fr.pc=0x0000000002a79d28
Event: 30.462 Executing VM operation: ParallelGCFailedAllocation


Dynamic libraries:
0x000000013f9d0000 - 0x000000013fa01000 	C:\Program Files\Android\Android Studio1\jre\bin\java.exe
0x0000000077620000 - 0x00000000777c8000 	C:\Windows\SYSTEM32\ntdll.dll
0x000007fef21d0000 - 0x000007fef2224000 	C:\Program Files (x86)\AVG\Av\avghooka.dll
0x0000000077500000 - 0x000000007761f000 	C:\Windows\system32\kernel32.dll
0x000007fefc2a0000 - 0x000007fefc30c000 	C:\Windows\system32\KERNELBASE.dll
0x000007fefd240000 - 0x000007fefd31b000 	C:\Windows\system32\ADVAPI32.dll
0x000007fefd780000 - 0x000007fefd81f000 	C:\Windows\system32\msvcrt.dll
0x000007fefd760000 - 0x000007fefd77f000 	C:\Windows\SYSTEM32\sechost.dll
0x000007fefe3c0000 - 0x000007fefe4ed000 	C:\Windows\system32\RPCRT4.dll
0x0000000077400000 - 0x00000000774fa000 	C:\Windows\system32\USER32.dll
0x000007fefc440000 - 0x000007fefc4a7000 	C:\Windows\system32\GDI32.dll
0x000007fefd8c0000 - 0x000007fefd8ce000 	C:\Windows\system32\LPK.dll
0x000007fefd8d0000 - 0x000007fefd999000 	C:\Windows\system32\USP10.dll
0x000007fefac80000 - 0x000007fefae74000 	C:\Windows\WinSxS\amd64_microsoft.windows.common-controls_6595b64144ccf1df_6.0.7601.18837_none_fa3b1e3d17594757\COMCTL32.dll
0x000007fefdb30000 - 0x000007fefdba1000 	C:\Windows\system32\SHLWAPI.dll
0x000007fefdbb0000 - 0x000007fefdbde000 	C:\Windows\system32\IMM32.DLL
0x000007fefe2a0000 - 0x000007fefe3a9000 	C:\Windows\system32\MSCTF.dll
0x000000006a080000 - 0x000000006a152000 	C:\Program Files\Android\Android Studio1\jre\jre\bin\msvcr100.dll
0x0000000068640000 - 0x0000000068e74000 	C:\Program Files\Android\Android Studio1\jre\jre\bin\server\jvm.dll
0x000007fef0f40000 - 0x000007fef0f49000 	C:\Windows\system32\WSOCK32.dll
0x000007fefd5d0000 - 0x000007fefd61d000 	C:\Windows\system32\WS2_32.dll
0x000007fefe3b0000 - 0x000007fefe3b8000 	C:\Windows\system32\NSI.dll
0x000007fef6c00000 - 0x000007fef6c3b000 	C:\Windows\system32\WINMM.dll
0x000007fefb170000 - 0x000007fefb17c000 	C:\Windows\system32\VERSION.dll
0x00000000777e0000 - 0x00000000777e7000 	C:\Windows\system32\PSAPI.DLL
0x000007fefa2e0000 - 0x000007fefa2ef000 	C:\Program Files\Android\Android Studio1\jre\jre\bin\verify.dll
0x000007fef6340000 - 0x000007fef6369000 	C:\Program Files\Android\Android Studio1\jre\jre\bin\java.dll
0x000007fef6320000 - 0x000007fef6336000 	C:\Program Files\Android\Android Studio1\jre\jre\bin\zip.dll
0x000007fefc4b0000 - 0x000007fefd239000 	C:\Windows\system32\SHELL32.dll
0x000007fefdbe0000 - 0x000007fefdde3000 	C:\Windows\system32\ole32.dll
0x000007fefc090000 - 0x000007fefc09f000 	C:\Windows\system32\profapi.dll

VM Arguments:
jvm_args: -Djava.awt.headless=true -Xmx1024M -Dfile.encoding=windows-1252 -Duser.country=AR -Duser.language=es -Duser.variant 
java_command: com.android.dx.command.Main --dex --num-threads=4 --output C:\Users\Leandro\Desktop\Proyecto-final\SnoreDetection\app\build\intermediates\pre-dexed\debug\itextpdf-5.5.9_c2b1c324704eac4c33abdc4d36a373b011425904.jar C:\Users\Leandro\Desktop\Proyecto-final\SnoreDetection\app\libs\itextpdf-5.5.9.jar
java_class_path (initial): C:\Users\Leandro\AppData\Local\Android\sdk\build-tools\25.0.0\lib\dx.jar
Launcher Type: SUN_STANDARD

Environment Variables:
PATH=C:\ProgramData\Oracle\Java\javapath;C:\Windows\system32;C:\Windows;C:\Windows\System32\Wbem;C:\Windows\System32\WindowsPowerShell\v1.0\;C:\wamp\bin\php\php5.4.16;C:\ProgramData\ComposerSetup\bin;C:\Program Files\MATLAB\R2010a\runtime\win64;C:\Program Files\MATLAB\R2010a\bin;C:\Program Files (x86)\MiKTeX 2.9\miktex\bin\;C:\Program Files (x86)\Skype\Phone\;%USERPROFILE%\.dnx\bin;C:\Program Files\Microsoft DNX\Dnvm\;C:\Program Files\Microsoft SQL Server\130\Tools\Binn\
USERNAME=Leandro
OS=Windows_NT
PROCESSOR_IDENTIFIER=Intel64 Family 6 Model 42 Stepping 7, GenuineIntel



---------------  S Y S T E M  ---------------

OS: Windows 7 , 64 bit Build 7601 (6.1.7601.18847)

CPU:total 4 (2 cores per cpu, 2 threads per core) family 6 model 42 stepping 7, cmov, cx8, fxsr, mmx, sse, sse2, sse3, ssse3, sse4.1, sse4.2, popcnt, avx, clmul, ht, tsc, tscinvbit

Memory: 4k page, physical 2039536k(52408k free), swap 5054504k(6124k free)

vm_info: OpenJDK 64-Bit Server VM (25.76-b03) for windows-amd64 JRE (1.8.0_76-release-b03), built on Jun 29 2016 19:09:20 by "ralucas" with MS VC++ 10.0 (VS2010)

time: Fri Apr 14 19:06:53 2017
elapsed time: 32 seconds (0d 0h 0m 32s)

